<?xml version="1.0" encoding="UTF-8"?>
<!-- Generated by org.testng.reporters.JUnitReportReporter -->
<testsuite skipped="0" hostname="DESKTOP-PRBCB84" name="SanityTests.WebProjectDB" tests="4" failures="0" timestamp="16 Aug 2020 13:07:46 GMT" time="52.411" errors="0">
  <testcase name="test02_makeDonationWithDB" time="17.822" classname="SanityTests.WebProjectDB"/>
  <testcase name="test03_CheckOut" time="17.055" classname="SanityTests.WebProjectDB"/>
  <testcase name="test04_verify_logo" time="3.769" classname="SanityTests.WebProjectDB"/>
  <testcase name="test01_RegisterWithDB" time="13.765" classname="SanityTests.WebProjectDB"/>
</testsuite> <!-- SanityTests.WebProjectDB -->
