<?xml version="1.0" encoding="UTF-8"?>
<!-- Generated by org.testng.reporters.JUnitReportReporter -->
<testsuite skipped="0" hostname="DESKTOP-PRBCB84" name="SanityTests.WebProjectTests" tests="4" failures="0" timestamp="19 Aug 2020 21:10:45 GMT" time="53.857" errors="0">
  <testcase name="test02_makeDonation" time="6.738" classname="SanityTests.WebProjectTests"/>
  <testcase name="test04_verify_logo" time="2.187" classname="SanityTests.WebProjectTests"/>
  <testcase name="test03_CheckOut" time="30.644" classname="SanityTests.WebProjectTests"/>
  <testcase name="test01_Register" time="14.288" classname="SanityTests.WebProjectTests"/>
</testsuite> <!-- SanityTests.WebProjectTests -->
