<?xml version="1.0" encoding="UTF-8"?>
<!-- Generated by org.testng.reporters.JUnitReportReporter -->
<testsuite skipped="0" hostname="DESKTOP-PRBCB84" name="SanityTests.ElectronDemoTest" tests="1" failures="0" timestamp="19 Aug 2020 12:55:46 GMT" time="0.889" errors="0">
  <testcase name="test01_verify_resolution" time="0.889" classname="SanityTests.ElectronDemoTest"/>
</testsuite> <!-- SanityTests.ElectronDemoTest -->
