<?xml version="1.0" encoding="UTF-8"?>
<!-- Generated by org.testng.reporters.JUnitReportReporter -->
<testsuite skipped="0" hostname="DESKTOP-PRBCB84" name="SanityTests.DesktopCalculatorTest" tests="1" failures="0" timestamp="13 Aug 2020 17:33:47 GMT" time="3.637" errors="0">
  <testcase name="test01_verify_addition" time="3.637" classname="SanityTests.DesktopCalculatorTest"/>
</testsuite> <!-- SanityTests.DesktopCalculatorTest -->
