<?xml version="1.0" encoding="UTF-8"?>
<!-- Generated by org.testng.reporters.JUnitReportReporter -->
<testsuite skipped="0" hostname="DESKTOP-PRBCB84" name="SanityTests.MobileMortgageApp" tests="1" failures="0" timestamp="09 Aug 2020 20:00:40 GMT" time="5.747" errors="0">
  <testcase name="test01_verify_repayment" time="5.747" classname="SanityTests.MobileMortgageApp"/>
</testsuite> <!-- SanityTests.MobileMortgageApp -->
