<?xml version="1.0" encoding="UTF-8"?>
<!-- Generated by org.testng.reporters.JUnitReportReporter -->
<testsuite skipped="0" hostname="DESKTOP-PRBCB84" name="SanityTests.ApiTest" tests="4" failures="0" timestamp="16 Aug 2020 10:45:13 GMT" time="5.209" errors="0">
  <testcase name="test04_DeleteTeam" time="0.327" classname="SanityTests.ApiTest"/>
  <testcase name="test01_getTeam" time="4.135" classname="SanityTests.ApiTest"/>
  <testcase name="test02_addTeam" time="0.361" classname="SanityTests.ApiTest"/>
  <testcase name="test03_updateTeam" time="0.386" classname="SanityTests.ApiTest"/>
</testsuite> <!-- SanityTests.ApiTest -->
