<?xml version="1.0" encoding="UTF-8"?>
<!-- Generated by org.testng.reporters.JUnitReportReporter -->
<testsuite skipped="0" hostname="DESKTOP-PRBCB84" name="SanityTests.WebProjectDB" tests="4" failures="0" timestamp="19 Aug 2020 21:20:22 GMT" time="40.515" errors="0">
  <testcase name="test04_verify_logo" time="2.041" classname="SanityTests.WebProjectDB"/>
  <testcase name="test01_RegisterWithDB" time="15.722" classname="SanityTests.WebProjectDB"/>
  <testcase name="test02_makeDonationWithDB" time="11.462" classname="SanityTests.WebProjectDB"/>
  <testcase name="test03_CheckOut" time="11.290" classname="SanityTests.WebProjectDB"/>
</testsuite> <!-- SanityTests.WebProjectDB -->
