<?xml version="1.0" encoding="UTF-8"?>
<!-- Generated by org.testng.reporters.JUnitReportReporter -->
<testsuite skipped="0" hostname="DESKTOP-PRBCB84" name="SanityTests.WebProjectTests" tests="4" failures="0" timestamp="16 Aug 2020 13:04:58 GMT" time="55.575" errors="0">
  <testcase name="test03_CheckOut" time="28.737" classname="SanityTests.WebProjectTests"/>
  <testcase name="test04_verify_logo" time="2.297" classname="SanityTests.WebProjectTests"/>
  <testcase name="test02_makeDonation" time="11.237" classname="SanityTests.WebProjectTests"/>
  <testcase name="test01_Register" time="13.304" classname="SanityTests.WebProjectTests"/>
</testsuite> <!-- SanityTests.WebProjectTests -->
