<?xml version="1.0" encoding="UTF-8"?>
<!-- Generated by org.testng.reporters.JUnitReportReporter -->
<testsuite skipped="0" hostname="DESKTOP-PRBCB84" name="ErrorHandlingTests.WebEHTest" tests="2" failures="0" timestamp="19 Aug 2020 21:10:45 GMT" time="17.138" errors="0">
  <testcase name="test01_makeErrorInDonation" time="12.381" classname="ErrorHandlingTests.WebEHTest"/>
  <testcase name="test02_Alert_Window" time="4.757" classname="ErrorHandlingTests.WebEHTest"/>
</testsuite> <!-- ErrorHandlingTests.WebEHTest -->
