<?xml version="1.0" encoding="UTF-8"?>
<!-- Generated by org.testng.reporters.JUnitReportReporter -->
<testsuite skipped="0" hostname="DESKTOP-PRBCB84" name="SanityTests.DesktopCalculatorTest" tests="1" failures="0" timestamp="19 Aug 2020 12:57:06 GMT" time="2.840" errors="0">
  <testcase name="test01_verify_addition" time="2.840" classname="SanityTests.DesktopCalculatorTest"/>
</testsuite> <!-- SanityTests.DesktopCalculatorTest -->
