<?xml version="1.0" encoding="UTF-8"?>
<!-- Generated by org.testng.reporters.JUnitReportReporter -->
<testsuite skipped="0" hostname="DESKTOP-PRBCB84" name="ErrorHandlingTests.WebEHTest" tests="2" failures="0" timestamp="16 Aug 2020 13:04:58 GMT" time="25.316" errors="0">
  <testcase name="test02_Alert_Window" time="9.290" classname="ErrorHandlingTests.WebEHTest"/>
  <testcase name="test01_makeErrorInDonation" time="16.026" classname="ErrorHandlingTests.WebEHTest"/>
</testsuite> <!-- ErrorHandlingTests.WebEHTest -->
